INFO [acme.Launcher] Starting Launcher using Java 1.8.0_281 on DESKTOP-RS4CC1Q with PID 3040 (C:\Users\Javie\OneDrive\Escritorio\Universidad\Segundo Cuatrimestre\DP2\Workspace-21.1\Projects\Acme-Planner\target\classes started by Javie in C:\Users\Javie\OneDrive\Escritorio\Universidad\Segundo Cuatrimestre\DP2\Workspace-21.1\Projects\Acme-Planner)
INFO [acme.Launcher] The following profiles are active: development,populator
INFO [acme.Launcher] Started Launcher in 7.08 seconds (JVM running for 7.613)
INFO [acme.framework.utilities.DatabasePopulator] Populating initial data
INFO [acme.framework.utilities.DatabasePopulator] Recreating schema
INFO [acme.framework.utilities.DatabasePopulator] Populating entities from classpath:/WEB-INF/population/initial-data.xml
INFO [acme.framework.utilities.DatabasePopulator] Validating your entities.
INFO [acme.framework.utilities.DatabasePopulator] Validating anonymousUserAccount ... PASS
INFO [acme.framework.utilities.DatabasePopulator] Validating anonymousAnonymous ... PASS
INFO [acme.framework.utilities.DatabasePopulator] Validating administratorUserAccount ... PASS
INFO [acme.framework.utilities.DatabasePopulator] Validating administratorAdministrator ... PASS
INFO [acme.framework.utilities.DatabasePopulator] Validating administratorAuthenticated ... PASS
INFO [acme.framework.utilities.DatabasePopulator] Sorting your entities topologically.
INFO [acme.framework.utilities.DatabasePopulator] > Setting index 0 for anonymousUserAccount.
INFO [acme.framework.utilities.DatabasePopulator] > Setting index 1 for anonymousAnonymous.
INFO [acme.framework.utilities.DatabasePopulator] > Setting index 2 for administratorUserAccount.
INFO [acme.framework.utilities.DatabasePopulator] > Setting index 3 for administratorAdministrator.
INFO [acme.framework.utilities.DatabasePopulator] > Setting index 4 for administratorAuthenticated.
INFO [acme.framework.utilities.DatabasePopulator] Persiting your entities.
INFO [acme.framework.utilities.DatabasePopulator] > Persisting anonymousUserAccount = acme.framework.entities.UserAccount{id=1, version=0}
INFO [acme.framework.utilities.DatabasePopulator] > Persisting anonymousAnonymous = acme.framework.entities.Anonymous{id=2, version=0}
INFO [acme.framework.utilities.DatabasePopulator] > Persisting administratorUserAccount = acme.framework.entities.UserAccount{id=3, version=0}
INFO [acme.framework.utilities.DatabasePopulator] > Persisting administratorAdministrator = acme.framework.entities.Administrator{id=4, version=0}
INFO [acme.framework.utilities.DatabasePopulator] > Persisting administratorAuthenticated = acme.framework.entities.Authenticated{id=5, version=0}
INFO [acme.framework.configuration.ShutdownConfiguration] The system is shutting down...
INFO [acme.Launcher] Starting Launcher using Java 1.8.0_281 on DESKTOP-RS4CC1Q with PID 14776 (C:\Users\Javie\OneDrive\Escritorio\Universidad\Segundo Cuatrimestre\DP2\Workspace-21.1\Projects\Acme-Planner\target\classes started by Javie in C:\Users\Javie\OneDrive\Escritorio\Universidad\Segundo Cuatrimestre\DP2\Workspace-21.1\Projects\Acme-Planner)
INFO [acme.Launcher] The following profiles are active: development,populator
INFO [acme.Launcher] Started Launcher in 7.568 seconds (JVM running for 8.159)
INFO [acme.framework.utilities.DatabasePopulator] Populating sample data
INFO [acme.framework.utilities.DatabasePopulator] Recreating schema
INFO [acme.framework.utilities.DatabasePopulator] Populating entities from classpath:/WEB-INF/population/initial-data.xml
INFO [acme.framework.utilities.DatabasePopulator] Validating your entities.
INFO [acme.framework.utilities.DatabasePopulator] Validating anonymousUserAccount ... PASS
INFO [acme.framework.utilities.DatabasePopulator] Validating anonymousAnonymous ... PASS
INFO [acme.framework.utilities.DatabasePopulator] Validating administratorUserAccount ... PASS
INFO [acme.framework.utilities.DatabasePopulator] Validating administratorAdministrator ... PASS
INFO [acme.framework.utilities.DatabasePopulator] Validating administratorAuthenticated ... PASS
INFO [acme.framework.utilities.DatabasePopulator] Sorting your entities topologically.
INFO [acme.framework.utilities.DatabasePopulator] > Setting index 0 for anonymousUserAccount.
INFO [acme.framework.utilities.DatabasePopulator] > Setting index 1 for anonymousAnonymous.
INFO [acme.framework.utilities.DatabasePopulator] > Setting index 2 for administratorUserAccount.
INFO [acme.framework.utilities.DatabasePopulator] > Setting index 3 for administratorAdministrator.
INFO [acme.framework.utilities.DatabasePopulator] > Setting index 4 for administratorAuthenticated.
INFO [acme.framework.utilities.DatabasePopulator] Persiting your entities.
INFO [acme.framework.utilities.DatabasePopulator] > Persisting anonymousUserAccount = acme.framework.entities.UserAccount{id=1, version=0}
INFO [acme.framework.utilities.DatabasePopulator] > Persisting anonymousAnonymous = acme.framework.entities.Anonymous{id=2, version=0}
INFO [acme.framework.utilities.DatabasePopulator] > Persisting administratorUserAccount = acme.framework.entities.UserAccount{id=3, version=0}
INFO [acme.framework.utilities.DatabasePopulator] > Persisting administratorAdministrator = acme.framework.entities.Administrator{id=4, version=0}
INFO [acme.framework.utilities.DatabasePopulator] > Persisting administratorAuthenticated = acme.framework.entities.Authenticated{id=5, version=0}
INFO [acme.framework.utilities.DatabasePopulator] Populating entities from classpath:/WEB-INF/population/sample-data.xml
INFO [acme.framework.utilities.DatabasePopulator] Validating your entities.
INFO [acme.framework.utilities.DatabasePopulator] Validating shout01 ... PASS
INFO [acme.framework.utilities.DatabasePopulator] Validating shout02 ... PASS
INFO [acme.framework.utilities.DatabasePopulator] Validating shout03 ... PASS
INFO [acme.framework.utilities.DatabasePopulator] Validating shout04 ... PASS
INFO [acme.framework.utilities.DatabasePopulator] Validating shout05 ... PASS
INFO [acme.framework.utilities.DatabasePopulator] Sorting your entities topologically.
INFO [acme.framework.utilities.DatabasePopulator] > Setting index 0 for shout01.
INFO [acme.framework.utilities.DatabasePopulator] > Setting index 1 for shout02.
INFO [acme.framework.utilities.DatabasePopulator] > Setting index 2 for shout03.
INFO [acme.framework.utilities.DatabasePopulator] > Setting index 3 for shout04.
INFO [acme.framework.utilities.DatabasePopulator] > Setting index 4 for shout05.
INFO [acme.framework.utilities.DatabasePopulator] Persiting your entities.
INFO [acme.framework.utilities.DatabasePopulator] > Persisting shout01 = acme.entities.shouts.Shout{id=6, version=0}
INFO [acme.framework.utilities.DatabasePopulator] > Persisting shout02 = acme.entities.shouts.Shout{id=7, version=0}
INFO [acme.framework.utilities.DatabasePopulator] > Persisting shout03 = acme.entities.shouts.Shout{id=8, version=0}
INFO [acme.framework.utilities.DatabasePopulator] > Persisting shout04 = acme.entities.shouts.Shout{id=9, version=0}
INFO [acme.framework.utilities.DatabasePopulator] > Persisting shout05 = acme.entities.shouts.Shout{id=10, version=0}
INFO [acme.framework.configuration.ShutdownConfiguration] The system is shutting down...
ERROR [org.apache.catalina.core.ContainerBase.[Tomcat].[localhost].[/Acme-Planner].[jsp]] at org.apache.jasper.compiler.DefaultErrorHandler.jspError(DefaultErrorHandler.java:42): /WEB-INF/views/anonymous/shout/list.jsp (line: [22], column: [75]) Unterminated [&lt;acme:list-column] tag
ERROR [org.apache.catalina.core.ContainerBase.[Tomcat].[localhost].[/Acme-Planner].[jsp]] at org.apache.tiles.request.servlet.ServletUtil.wrapServletException(ServletUtil.java:63): JSPException including path '../anonymous/shout/list.jsp'.
at org.apache.jasper.compiler.DefaultErrorHandler.jspError(DefaultErrorHandler.java:42): /WEB-INF/views/anonymous/shout/list.jsp (line: [22], column: [75]) Unterminated [&lt;acme:list-column] tag
ERROR [org.apache.catalina.core.ContainerBase.[Tomcat].[localhost].[/Acme-Planner].[dispatcherServlet]] at org.apache.jasper.compiler.DefaultErrorHandler.jspError(DefaultErrorHandler.java:42): /WEB-INF/views/anonymous/shout/list.jsp (line: [22], column: [75]) Unterminated [&lt;acme:list-column] tag
ERROR [org.apache.jsp.WEB_002dINF.views.framework.panic_jsp] HTTP GET /Acme-Planner/master/panic HTTP/1.1
ERROR [org.apache.jsp.WEB_002dINF.views.framework.panic_jsp] Status: 500
ERROR [org.apache.jsp.WEB_002dINF.views.framework.panic_jsp] Exception: org.springframework.web.servlet.FrameworkServlet.processRequest(FrameworkServlet.java:1014): Request processing failed; nested exception is org.apache.tiles.request.render.CannotRenderException: JSPException including path '../anonymous/shout/list.jsp'.
org.apache.tiles.impl.BasicTilesContainer.render(BasicTilesContainer.java:399): JSPException including path '../anonymous/shout/list.jsp'.
org.apache.tiles.request.servlet.ServletUtil.wrapServletException(ServletUtil.java:63): JSPException including path '../anonymous/shout/list.jsp'.
org.apache.jasper.compiler.DefaultErrorHandler.jspError(DefaultErrorHandler.java:42): /WEB-INF/views/anonymous/shout/list.jsp (line: [22], column: [75]) Unterminated [&lt;acme:list-column] tag
INFO [acme.Launcher] Starting Launcher using Java 1.8.0_281 on DESKTOP-RS4CC1Q with PID 4672 (C:\Users\Javie\OneDrive\Escritorio\Universidad\Segundo Cuatrimestre\DP2\Workspace-21.1\Projects\Acme-Planner\target\classes started by Javie in C:\Users\Javie\OneDrive\Escritorio\Universidad\Segundo Cuatrimestre\DP2\Workspace-21.1\Projects\Acme-Planner)
INFO [acme.Launcher] The following profiles are active: development,populator
INFO [acme.Launcher] Started Launcher in 6.759 seconds (JVM running for 7.316)
INFO [acme.framework.utilities.DatabasePopulator] Populating sample data
INFO [acme.framework.utilities.DatabasePopulator] Recreating schema
INFO [acme.framework.utilities.DatabasePopulator] Populating entities from classpath:/WEB-INF/population/initial-data.xml
INFO [acme.framework.utilities.DatabasePopulator] Validating your entities.
INFO [acme.framework.utilities.DatabasePopulator] Validating anonymousUserAccount ... PASS
INFO [acme.framework.utilities.DatabasePopulator] Validating anonymousAnonymous ... PASS
INFO [acme.framework.utilities.DatabasePopulator] Validating administratorUserAccount ... PASS
INFO [acme.framework.utilities.DatabasePopulator] Validating administratorAdministrator ... PASS
INFO [acme.framework.utilities.DatabasePopulator] Validating administratorAuthenticated ... PASS
INFO [acme.framework.utilities.DatabasePopulator] Sorting your entities topologically.
INFO [acme.framework.utilities.DatabasePopulator] > Setting index 0 for anonymousUserAccount.
INFO [acme.framework.utilities.DatabasePopulator] > Setting index 1 for anonymousAnonymous.
INFO [acme.framework.utilities.DatabasePopulator] > Setting index 2 for administratorUserAccount.
INFO [acme.framework.utilities.DatabasePopulator] > Setting index 3 for administratorAdministrator.
INFO [acme.framework.utilities.DatabasePopulator] > Setting index 4 for administratorAuthenticated.
INFO [acme.framework.utilities.DatabasePopulator] Persiting your entities.
INFO [acme.framework.utilities.DatabasePopulator] > Persisting anonymousUserAccount = acme.framework.entities.UserAccount{id=1, version=0}
INFO [acme.framework.utilities.DatabasePopulator] > Persisting anonymousAnonymous = acme.framework.entities.Anonymous{id=2, version=0}
INFO [acme.framework.utilities.DatabasePopulator] > Persisting administratorUserAccount = acme.framework.entities.UserAccount{id=3, version=0}
INFO [acme.framework.utilities.DatabasePopulator] > Persisting administratorAdministrator = acme.framework.entities.Administrator{id=4, version=0}
INFO [acme.framework.utilities.DatabasePopulator] > Persisting administratorAuthenticated = acme.framework.entities.Authenticated{id=5, version=0}
INFO [acme.framework.utilities.DatabasePopulator] Populating entities from classpath:/WEB-INF/population/sample-data.xml
INFO [acme.framework.utilities.DatabasePopulator] Validating your entities.
INFO [acme.framework.utilities.DatabasePopulator] Validating shout01 ... PASS
INFO [acme.framework.utilities.DatabasePopulator] Validating shout02 ... PASS
INFO [acme.framework.utilities.DatabasePopulator] Validating shout03 ... PASS
INFO [acme.framework.utilities.DatabasePopulator] Validating shout04 ... PASS
INFO [acme.framework.utilities.DatabasePopulator] Validating shout05 ... PASS
INFO [acme.framework.utilities.DatabasePopulator] Sorting your entities topologically.
INFO [acme.framework.utilities.DatabasePopulator] > Setting index 0 for shout01.
INFO [acme.framework.utilities.DatabasePopulator] > Setting index 1 for shout02.
INFO [acme.framework.utilities.DatabasePopulator] > Setting index 2 for shout03.
INFO [acme.framework.utilities.DatabasePopulator] > Setting index 3 for shout04.
INFO [acme.framework.utilities.DatabasePopulator] > Setting index 4 for shout05.
INFO [acme.framework.utilities.DatabasePopulator] Persiting your entities.
INFO [acme.framework.utilities.DatabasePopulator] > Persisting shout01 = acme.entities.shouts.Shout{id=6, version=0}
INFO [acme.framework.utilities.DatabasePopulator] > Persisting shout02 = acme.entities.shouts.Shout{id=7, version=0}
INFO [acme.framework.utilities.DatabasePopulator] > Persisting shout03 = acme.entities.shouts.Shout{id=8, version=0}
INFO [acme.framework.utilities.DatabasePopulator] > Persisting shout04 = acme.entities.shouts.Shout{id=9, version=0}
INFO [acme.framework.utilities.DatabasePopulator] > Persisting shout05 = acme.entities.shouts.Shout{id=10, version=0}
INFO [acme.framework.configuration.ShutdownConfiguration] The system is shutting down...
WARN [org.springframework.boot.web.servlet.context.AnnotationConfigServletWebServerApplicationContext] Exception encountered during context initialization - cancelling refresh attempt: org.springframework.context.ApplicationContextException: Failed to start bean 'webServerStartStop'; nested exception is org.springframework.boot.web.server.PortInUseException: Port 8080 is already in use
ERROR [org.springframework.boot.diagnostics.LoggingFailureAnalysisReporter] ***************************
APPLICATION FAILED TO START
***************************
Description:
Web server failed to start. Port 8080 was already in use.
Action:
Identify and stop the process that's listening on port 8080 or configure this application to listen on another port.
INFO [acme.Launcher] Starting Launcher using Java 1.8.0_281 on DESKTOP-RS4CC1Q with PID 8812 (C:\Users\Javie\OneDrive\Escritorio\Universidad\Segundo Cuatrimestre\DP2\Workspace-21.1\Projects\Acme-Planner\target\classes started by Javie in C:\Users\Javie\OneDrive\Escritorio\Universidad\Segundo Cuatrimestre\DP2\Workspace-21.1\Projects\Acme-Planner)
INFO [acme.Launcher] The following profiles are active: development,populator
INFO [acme.Launcher] Started Launcher in 6.397 seconds (JVM running for 7.158)
INFO [acme.framework.utilities.DatabasePopulator] Populating initial data
INFO [acme.framework.utilities.DatabasePopulator] Recreating schema
INFO [acme.framework.utilities.DatabasePopulator] Populating entities from classpath:/WEB-INF/population/initial-data.xml
INFO [acme.framework.utilities.DatabasePopulator] Validating your entities.
INFO [acme.framework.utilities.DatabasePopulator] Validating anonymousUserAccount ... PASS
INFO [acme.framework.utilities.DatabasePopulator] Validating anonymousAnonymous ... PASS
INFO [acme.framework.utilities.DatabasePopulator] Validating administratorUserAccount ... PASS
INFO [acme.framework.utilities.DatabasePopulator] Validating administratorAdministrator ... PASS
INFO [acme.framework.utilities.DatabasePopulator] Validating administratorAuthenticated ... PASS
INFO [acme.framework.utilities.DatabasePopulator] Sorting your entities topologically.
INFO [acme.framework.utilities.DatabasePopulator] > Setting index 0 for anonymousUserAccount.
INFO [acme.framework.utilities.DatabasePopulator] > Setting index 1 for anonymousAnonymous.
INFO [acme.framework.utilities.DatabasePopulator] > Setting index 2 for administratorUserAccount.
INFO [acme.framework.utilities.DatabasePopulator] > Setting index 3 for administratorAdministrator.
INFO [acme.framework.utilities.DatabasePopulator] > Setting index 4 for administratorAuthenticated.
INFO [acme.framework.utilities.DatabasePopulator] Persiting your entities.
INFO [acme.framework.utilities.DatabasePopulator] > Persisting anonymousUserAccount = acme.framework.entities.UserAccount{id=1, version=0}
INFO [acme.framework.utilities.DatabasePopulator] > Persisting anonymousAnonymous = acme.framework.entities.Anonymous{id=2, version=0}
INFO [acme.framework.utilities.DatabasePopulator] > Persisting administratorUserAccount = acme.framework.entities.UserAccount{id=3, version=0}
INFO [acme.framework.utilities.DatabasePopulator] > Persisting administratorAdministrator = acme.framework.entities.Administrator{id=4, version=0}
INFO [acme.framework.utilities.DatabasePopulator] > Persisting administratorAuthenticated = acme.framework.entities.Authenticated{id=5, version=0}
INFO [acme.framework.configuration.ShutdownConfiguration] The system is shutting down...
INFO [acme.Launcher] Starting Launcher using Java 1.8.0_281 on DESKTOP-RS4CC1Q with PID 14676 (C:\Users\Javie\OneDrive\Escritorio\Universidad\Segundo Cuatrimestre\DP2\Workspace-21.1\Projects\Acme-Planner\target\classes started by Javie in C:\Users\Javie\OneDrive\Escritorio\Universidad\Segundo Cuatrimestre\DP2\Workspace-21.1\Projects\Acme-Planner)
INFO [acme.Launcher] The following profiles are active: development,populator
INFO [acme.Launcher] Started Launcher in 7.153 seconds (JVM running for 7.695)
INFO [acme.framework.utilities.DatabasePopulator] Populating sample data
INFO [acme.framework.utilities.DatabasePopulator] Recreating schema
INFO [acme.framework.utilities.DatabasePopulator] Populating entities from classpath:/WEB-INF/population/initial-data.xml
INFO [acme.framework.utilities.DatabasePopulator] Validating your entities.
INFO [acme.framework.utilities.DatabasePopulator] Validating anonymousUserAccount ... PASS
INFO [acme.framework.utilities.DatabasePopulator] Validating anonymousAnonymous ... PASS
INFO [acme.framework.utilities.DatabasePopulator] Validating administratorUserAccount ... PASS
INFO [acme.framework.utilities.DatabasePopulator] Validating administratorAdministrator ... PASS
INFO [acme.framework.utilities.DatabasePopulator] Validating administratorAuthenticated ... PASS
INFO [acme.framework.utilities.DatabasePopulator] Sorting your entities topologically.
INFO [acme.framework.utilities.DatabasePopulator] > Setting index 0 for anonymousUserAccount.
INFO [acme.framework.utilities.DatabasePopulator] > Setting index 1 for anonymousAnonymous.
INFO [acme.framework.utilities.DatabasePopulator] > Setting index 2 for administratorUserAccount.
INFO [acme.framework.utilities.DatabasePopulator] > Setting index 3 for administratorAdministrator.
INFO [acme.framework.utilities.DatabasePopulator] > Setting index 4 for administratorAuthenticated.
INFO [acme.framework.utilities.DatabasePopulator] Persiting your entities.
INFO [acme.framework.utilities.DatabasePopulator] > Persisting anonymousUserAccount = acme.framework.entities.UserAccount{id=1, version=0}
INFO [acme.framework.utilities.DatabasePopulator] > Persisting anonymousAnonymous = acme.framework.entities.Anonymous{id=2, version=0}
INFO [acme.framework.utilities.DatabasePopulator] > Persisting administratorUserAccount = acme.framework.entities.UserAccount{id=3, version=0}
INFO [acme.framework.utilities.DatabasePopulator] > Persisting administratorAdministrator = acme.framework.entities.Administrator{id=4, version=0}
INFO [acme.framework.utilities.DatabasePopulator] > Persisting administratorAuthenticated = acme.framework.entities.Authenticated{id=5, version=0}
INFO [acme.framework.utilities.DatabasePopulator] Populating entities from classpath:/WEB-INF/population/sample-data.xml
INFO [acme.framework.utilities.DatabasePopulator] Validating your entities.
INFO [acme.framework.utilities.DatabasePopulator] Validating shout01 ... PASS
INFO [acme.framework.utilities.DatabasePopulator] Validating shout02 ... PASS
INFO [acme.framework.utilities.DatabasePopulator] Validating shout03 ... PASS
INFO [acme.framework.utilities.DatabasePopulator] Validating shout04 ... PASS
INFO [acme.framework.utilities.DatabasePopulator] Validating shout05 ... PASS
INFO [acme.framework.utilities.DatabasePopulator] Sorting your entities topologically.
INFO [acme.framework.utilities.DatabasePopulator] > Setting index 0 for shout01.
INFO [acme.framework.utilities.DatabasePopulator] > Setting index 1 for shout02.
INFO [acme.framework.utilities.DatabasePopulator] > Setting index 2 for shout03.
INFO [acme.framework.utilities.DatabasePopulator] > Setting index 3 for shout04.
INFO [acme.framework.utilities.DatabasePopulator] > Setting index 4 for shout05.
INFO [acme.framework.utilities.DatabasePopulator] Persiting your entities.
INFO [acme.framework.utilities.DatabasePopulator] > Persisting shout01 = acme.entities.shouts.Shout{id=6, version=0}
INFO [acme.framework.utilities.DatabasePopulator] > Persisting shout02 = acme.entities.shouts.Shout{id=7, version=0}
INFO [acme.framework.utilities.DatabasePopulator] > Persisting shout03 = acme.entities.shouts.Shout{id=8, version=0}
INFO [acme.framework.utilities.DatabasePopulator] > Persisting shout04 = acme.entities.shouts.Shout{id=9, version=0}
INFO [acme.framework.utilities.DatabasePopulator] > Persisting shout05 = acme.entities.shouts.Shout{id=10, version=0}
INFO [acme.framework.configuration.ShutdownConfiguration] The system is shutting down...
WARN [org.springframework.boot.web.servlet.context.AnnotationConfigServletWebServerApplicationContext] Exception encountered during context initialization - cancelling refresh attempt: org.springframework.context.ApplicationContextException: Failed to start bean 'webServerStartStop'; nested exception is org.springframework.boot.web.server.PortInUseException: Port 8080 is already in use
ERROR [org.springframework.boot.diagnostics.LoggingFailureAnalysisReporter] ***************************
APPLICATION FAILED TO START
***************************
Description:
Web server failed to start. Port 8080 was already in use.
Action:
Identify and stop the process that's listening on port 8080 or configure this application to listen on another port.
INFO [acme.Launcher] Starting Launcher using Java 1.8.0_281 on DESKTOP-RS4CC1Q with PID 4952 (C:\Users\Javie\OneDrive\Escritorio\Universidad\Segundo Cuatrimestre\DP2\Workspace-21.1\Projects\Acme-Planner\target\classes started by Javie in C:\Users\Javie\OneDrive\Escritorio\Universidad\Segundo Cuatrimestre\DP2\Workspace-21.1\Projects\Acme-Planner)
INFO [acme.Launcher] The following profiles are active: development,populator
INFO [acme.Launcher] Started Launcher in 6.12 seconds (JVM running for 6.651)
INFO [acme.framework.utilities.DatabasePopulator] Populating sample data
INFO [acme.framework.utilities.DatabasePopulator] Recreating schema
INFO [acme.framework.utilities.DatabasePopulator] Populating entities from classpath:/WEB-INF/population/initial-data.xml
INFO [acme.framework.utilities.DatabasePopulator] Validating your entities.
INFO [acme.framework.utilities.DatabasePopulator] Validating anonymousUserAccount ... PASS
INFO [acme.framework.utilities.DatabasePopulator] Validating anonymousAnonymous ... PASS
INFO [acme.framework.utilities.DatabasePopulator] Validating administratorUserAccount ... PASS
INFO [acme.framework.utilities.DatabasePopulator] Validating administratorAdministrator ... PASS
INFO [acme.framework.utilities.DatabasePopulator] Validating administratorAuthenticated ... PASS
INFO [acme.framework.utilities.DatabasePopulator] Sorting your entities topologically.
INFO [acme.framework.utilities.DatabasePopulator] > Setting index 0 for anonymousUserAccount.
INFO [acme.framework.utilities.DatabasePopulator] > Setting index 1 for anonymousAnonymous.
INFO [acme.framework.utilities.DatabasePopulator] > Setting index 2 for administratorUserAccount.
INFO [acme.framework.utilities.DatabasePopulator] > Setting index 3 for administratorAdministrator.
INFO [acme.framework.utilities.DatabasePopulator] > Setting index 4 for administratorAuthenticated.
INFO [acme.framework.utilities.DatabasePopulator] Persiting your entities.
INFO [acme.framework.utilities.DatabasePopulator] > Persisting anonymousUserAccount = acme.framework.entities.UserAccount{id=1, version=0}
INFO [acme.framework.utilities.DatabasePopulator] > Persisting anonymousAnonymous = acme.framework.entities.Anonymous{id=2, version=0}
INFO [acme.framework.utilities.DatabasePopulator] > Persisting administratorUserAccount = acme.framework.entities.UserAccount{id=3, version=0}
INFO [acme.framework.utilities.DatabasePopulator] > Persisting administratorAdministrator = acme.framework.entities.Administrator{id=4, version=0}
INFO [acme.framework.utilities.DatabasePopulator] > Persisting administratorAuthenticated = acme.framework.entities.Authenticated{id=5, version=0}
INFO [acme.framework.utilities.DatabasePopulator] Populating entities from classpath:/WEB-INF/population/sample-data.xml
INFO [acme.framework.configuration.ShutdownConfiguration] The system is shutting down...
INFO [acme.Launcher] Starting Launcher using Java 1.8.0_281 on DESKTOP-RS4CC1Q with PID 16980 (C:\Users\Javie\OneDrive\Escritorio\Universidad\Segundo Cuatrimestre\DP2\Workspace-21.1\Projects\Acme-Planner\target\classes started by Javie in C:\Users\Javie\OneDrive\Escritorio\Universidad\Segundo Cuatrimestre\DP2\Workspace-21.1\Projects\Acme-Planner)
INFO [acme.Launcher] The following profiles are active: development,populator
INFO [acme.Launcher] Started Launcher in 6.706 seconds (JVM running for 7.229)
INFO [acme.framework.utilities.DatabasePopulator] Populating sample data
INFO [acme.framework.utilities.DatabasePopulator] Recreating schema
INFO [acme.framework.utilities.DatabasePopulator] Populating entities from classpath:/WEB-INF/population/initial-data.xml
INFO [acme.framework.utilities.DatabasePopulator] Validating your entities.
INFO [acme.framework.utilities.DatabasePopulator] Validating anonymousUserAccount ... PASS
INFO [acme.framework.utilities.DatabasePopulator] Validating anonymousAnonymous ... PASS
INFO [acme.framework.utilities.DatabasePopulator] Validating administratorUserAccount ... PASS
INFO [acme.framework.utilities.DatabasePopulator] Validating administratorAdministrator ... PASS
INFO [acme.framework.utilities.DatabasePopulator] Validating administratorAuthenticated ... PASS
INFO [acme.framework.utilities.DatabasePopulator] Sorting your entities topologically.
INFO [acme.framework.utilities.DatabasePopulator] > Setting index 0 for anonymousUserAccount.
INFO [acme.framework.utilities.DatabasePopulator] > Setting index 1 for anonymousAnonymous.
INFO [acme.framework.utilities.DatabasePopulator] > Setting index 2 for administratorUserAccount.
INFO [acme.framework.utilities.DatabasePopulator] > Setting index 3 for administratorAdministrator.
INFO [acme.framework.utilities.DatabasePopulator] > Setting index 4 for administratorAuthenticated.
INFO [acme.framework.utilities.DatabasePopulator] Persiting your entities.
INFO [acme.framework.utilities.DatabasePopulator] > Persisting anonymousUserAccount = acme.framework.entities.UserAccount{id=1, version=0}
INFO [acme.framework.utilities.DatabasePopulator] > Persisting anonymousAnonymous = acme.framework.entities.Anonymous{id=2, version=0}
INFO [acme.framework.utilities.DatabasePopulator] > Persisting administratorUserAccount = acme.framework.entities.UserAccount{id=3, version=0}
INFO [acme.framework.utilities.DatabasePopulator] > Persisting administratorAdministrator = acme.framework.entities.Administrator{id=4, version=0}
INFO [acme.framework.utilities.DatabasePopulator] > Persisting administratorAuthenticated = acme.framework.entities.Authenticated{id=5, version=0}
INFO [acme.framework.utilities.DatabasePopulator] Populating entities from classpath:/WEB-INF/population/sample-data.xml
INFO [acme.framework.utilities.DatabasePopulator] Validating your entities.
INFO [acme.framework.utilities.DatabasePopulator] Validating shout01 ... PASS
INFO [acme.framework.utilities.DatabasePopulator] Validating shout02 ... PASS
INFO [acme.framework.utilities.DatabasePopulator] Validating shout03 ... PASS
INFO [acme.framework.utilities.DatabasePopulator] Validating shout04 ... PASS
INFO [acme.framework.utilities.DatabasePopulator] Validating shout05 ... PASS
INFO [acme.framework.utilities.DatabasePopulator] Validating shout06 ... PASS
INFO [acme.framework.utilities.DatabasePopulator] Sorting your entities topologically.
INFO [acme.framework.utilities.DatabasePopulator] > Setting index 0 for shout01.
INFO [acme.framework.utilities.DatabasePopulator] > Setting index 1 for shout02.
INFO [acme.framework.utilities.DatabasePopulator] > Setting index 2 for shout03.
INFO [acme.framework.utilities.DatabasePopulator] > Setting index 3 for shout04.
INFO [acme.framework.utilities.DatabasePopulator] > Setting index 4 for shout05.
INFO [acme.framework.utilities.DatabasePopulator] > Setting index 5 for shout06.
INFO [acme.framework.utilities.DatabasePopulator] Persiting your entities.
INFO [acme.framework.utilities.DatabasePopulator] > Persisting shout01 = acme.entities.shouts.Shout{id=6, version=0}
INFO [acme.framework.utilities.DatabasePopulator] > Persisting shout02 = acme.entities.shouts.Shout{id=7, version=0}
INFO [acme.framework.utilities.DatabasePopulator] > Persisting shout03 = acme.entities.shouts.Shout{id=8, version=0}
INFO [acme.framework.utilities.DatabasePopulator] > Persisting shout04 = acme.entities.shouts.Shout{id=9, version=0}
INFO [acme.framework.utilities.DatabasePopulator] > Persisting shout05 = acme.entities.shouts.Shout{id=10, version=0}
INFO [acme.framework.utilities.DatabasePopulator] > Persisting shout06 = acme.entities.shouts.Shout{id=11, version=0}
INFO [acme.framework.configuration.ShutdownConfiguration] The system is shutting down...
